{"name": "Тест на вопрос FAQ: fourth", "status": "broken", "statusDetails": {"message": "selenium.common.exceptions.ElementClickInterceptedException: Message: Element <div id=\"accordion__heading-3\" class=\"accordion__button\"> is not clickable at point (966,198) because another element <img src=\"/assets/scooter.png\"> obscures it\nStacktrace:\nRemoteError@chrome://remote/content/shared/RemoteError.sys.mjs:8:8\nWebDriverError@chrome://remote/content/shared/webdriver/Errors.sys.mjs:193:5\nElementClickInterceptedError@chrome://remote/content/shared/webdriver/Errors.sys.mjs:337:5\nwebdriverClickElement@chrome://remote/content/marionette/interaction.sys.mjs:177:11\ninteraction.clickElement@chrome://remote/content/marionette/interaction.sys.mjs:136:11\nclickElement@chrome://remote/content/marionette/actors/MarionetteCommandsChild.sys.mjs:205:29\nreceiveMessage@chrome://remote/content/marionette/actors/MarionetteCommandsChild.sys.mjs:85:31", "trace": "self = <test.test_main_page.TestMainPageFAQ object at 0x1062914f0>\nopen_browser = <selenium.webdriver.firefox.webdriver.WebDriver (session=\"4c480393-4e38-4d5b-82d7-4623913c94fb\")>, question_id = 'fourth'\nexpected_text = 'Только начиная с завтрашнего дня. Но скоро станем расторопнее.'\n\n    @pytest.mark.parametrize(\"question_id, expected_text\", faq_data)\n    @allure.title('Тест на вопрос FAQ: {question_id}')\n    def test_faq_questions(self, open_browser, question_id, expected_text):\n        main_page = MainPage(open_browser)\n        main_page.click_cokies_button()\n>       main_page.click_faq_button(question_id)\n\ntest/test_main_page.py:17: \n_ _ _ _ _ _ _ _ _ _ _ _ _ _ _ _ _ _ _ _ _ _ _ _ _ _ _ _ _ _ _ _ _ _ _ _ _ _ _ _ _ _ _ _ _ _ _ _ _ _ _ _ _ _ _ _ _ _ _ _ _ _ _ _ _ _ _ _ _ _ _ _ _ _ _ _ \npage_object/main_page_object.py:49: in click_faq_button\n    self.click_element(element)\npage_object/base_page.py:19: in click_element\n    element.click()\n../Sprint_5/venv/lib/python3.9/site-packages/selenium/webdriver/remote/webelement.py:94: in click\n    self._execute(Command.CLICK_ELEMENT)\n../Sprint_5/venv/lib/python3.9/site-packages/selenium/webdriver/remote/webelement.py:395: in _execute\n    return self._parent.execute(command, params)\n../Sprint_5/venv/lib/python3.9/site-packages/selenium/webdriver/remote/webdriver.py:354: in execute\n    self.error_handler.check_response(response)\n_ _ _ _ _ _ _ _ _ _ _ _ _ _ _ _ _ _ _ _ _ _ _ _ _ _ _ _ _ _ _ _ _ _ _ _ _ _ _ _ _ _ _ _ _ _ _ _ _ _ _ _ _ _ _ _ _ _ _ _ _ _ _ _ _ _ _ _ _ _ _ _ _ _ _ _ \n\nself = <selenium.webdriver.remote.errorhandler.ErrorHandler object at 0x106387f40>\nresponse = {'status': 400, 'value': '{\"value\":{\"error\":\"element click intercepted\",\"message\":\"Element <div id=\\\\\"accordion__headi...sys.mjs:205:29\\\\nreceiveMessage@chrome://remote/content/marionette/actors/MarionetteCommandsChild.sys.mjs:85:31\\\\n\"}}'}\n\n    def check_response(self, response: Dict[str, Any]) -> None:\n        \"\"\"Checks that a JSON response from the WebDriver does not have an\n        error.\n    \n        :Args:\n         - response - The JSON response from the WebDriver server as a dictionary\n           object.\n    \n        :Raises: If the response contains an error message.\n        \"\"\"\n        status = response.get(\"status\", None)\n        if not status or status == ErrorCode.SUCCESS:\n            return\n        value = None\n        message = response.get(\"message\", \"\")\n        screen: str = response.get(\"screen\", \"\")\n        stacktrace = None\n        if isinstance(status, int):\n            value_json = response.get(\"value\", None)\n            if value_json and isinstance(value_json, str):\n                import json\n    \n                try:\n                    value = json.loads(value_json)\n                    if len(value) == 1:\n                        value = value[\"value\"]\n                    status = value.get(\"error\", None)\n                    if not status:\n                        status = value.get(\"status\", ErrorCode.UNKNOWN_ERROR)\n                        message = value.get(\"value\") or value.get(\"message\")\n                        if not isinstance(message, str):\n                            value = message\n                            message = message.get(\"message\")\n                    else:\n                        message = value.get(\"message\", None)\n                except ValueError:\n                    pass\n    \n        exception_class: Type[WebDriverException]\n        e = ErrorCode()\n        error_codes = [item for item in dir(e) if not item.startswith(\"__\")]\n        for error_code in error_codes:\n            error_info = getattr(ErrorCode, error_code)\n            if isinstance(error_info, list) and status in error_info:\n                exception_class = getattr(ExceptionMapping, error_code, WebDriverException)\n                break\n        else:\n            exception_class = WebDriverException\n    \n        if not value:\n            value = response[\"value\"]\n        if isinstance(value, str):\n            raise exception_class(value)\n        if message == \"\" and \"message\" in value:\n            message = value[\"message\"]\n    \n        screen = None  # type: ignore[assignment]\n        if \"screen\" in value:\n            screen = value[\"screen\"]\n    \n        stacktrace = None\n        st_value = value.get(\"stackTrace\") or value.get(\"stacktrace\")\n        if st_value:\n            if isinstance(st_value, str):\n                stacktrace = st_value.split(\"\\n\")\n            else:\n                stacktrace = []\n                try:\n                    for frame in st_value:\n                        line = frame.get(\"lineNumber\", \"\")\n                        file = frame.get(\"fileName\", \"<anonymous>\")\n                        if line:\n                            file = f\"{file}:{line}\"\n                        meth = frame.get(\"methodName\", \"<anonymous>\")\n                        if \"className\" in frame:\n                            meth = f\"{frame['className']}.{meth}\"\n                        msg = \"    at %s (%s)\"\n                        msg = msg % (meth, file)\n                        stacktrace.append(msg)\n                except TypeError:\n                    pass\n        if exception_class == UnexpectedAlertPresentException:\n            alert_text = None\n            if \"data\" in value:\n                alert_text = value[\"data\"].get(\"text\")\n            elif \"alert\" in value:\n                alert_text = value[\"alert\"].get(\"text\")\n            raise exception_class(message, screen, stacktrace, alert_text)  # type: ignore[call-arg]  # mypy is not smart enough here\n>       raise exception_class(message, screen, stacktrace)\nE       selenium.common.exceptions.ElementClickInterceptedException: Message: Element <div id=\"accordion__heading-3\" class=\"accordion__button\"> is not clickable at point (966,198) because another element <img src=\"/assets/scooter.png\"> obscures it\nE       Stacktrace:\nE       RemoteError@chrome://remote/content/shared/RemoteError.sys.mjs:8:8\nE       WebDriverError@chrome://remote/content/shared/webdriver/Errors.sys.mjs:193:5\nE       ElementClickInterceptedError@chrome://remote/content/shared/webdriver/Errors.sys.mjs:337:5\nE       webdriverClickElement@chrome://remote/content/marionette/interaction.sys.mjs:177:11\nE       interaction.clickElement@chrome://remote/content/marionette/interaction.sys.mjs:136:11\nE       clickElement@chrome://remote/content/marionette/actors/MarionetteCommandsChild.sys.mjs:205:29\nE       receiveMessage@chrome://remote/content/marionette/actors/MarionetteCommandsChild.sys.mjs:85:31\n\n../Sprint_5/venv/lib/python3.9/site-packages/selenium/webdriver/remote/errorhandler.py:229: ElementClickInterceptedException"}, "steps": [{"name": "Кликнуть на кнопку принятия куки", "status": "passed", "steps": [{"name": "Кликнуть на элемент: ('id', 'rcc-confirm-button')", "status": "passed", "steps": [{"name": "Прокрутить к элементу: ('id', 'rcc-confirm-button')", "status": "passed", "steps": [{"name": "Ожидание видимости элемента: ('id', 'rcc-confirm-button')", "status": "passed", "parameters": [{"name": "locator", "value": "('id', 'rcc-confirm-button')"}], "start": 1726657022363, "stop": 1726657022388}], "parameters": [{"name": "locator", "value": "('id', 'rcc-confirm-button')"}], "start": 1726657022363, "stop": 1726657022390}, {"name": "Ожидание видимости элемента: ('id', 'rcc-confirm-button')", "status": "passed", "parameters": [{"name": "locator", "value": "('id', 'rcc-confirm-button')"}], "start": 1726657022390, "stop": 1726657022395}], "parameters": [{"name": "locator", "value": "('id', 'rcc-confirm-button')"}], "start": 1726657022363, "stop": 1726657022610}], "start": 1726657022363, "stop": 1726657022610}, {"name": "Кликаем по кнопке FAQ с индексом 'fourth'", "status": "broken", "statusDetails": {"message": "selenium.common.exceptions.ElementClickInterceptedException: Message: Element <div id=\"accordion__heading-3\" class=\"accordion__button\"> is not clickable at point (966,198) because another element <img src=\"/assets/scooter.png\"> obscures it\nStacktrace:\nRemoteError@chrome://remote/content/shared/RemoteError.sys.mjs:8:8\nWebDriverError@chrome://remote/content/shared/webdriver/Errors.sys.mjs:193:5\nElementClickInterceptedError@chrome://remote/content/shared/webdriver/Errors.sys.mjs:337:5\nwebdriverClickElement@chrome://remote/content/marionette/interaction.sys.mjs:177:11\ninteraction.clickElement@chrome://remote/content/marionette/interaction.sys.mjs:136:11\nclickElement@chrome://remote/content/marionette/actors/MarionetteCommandsChild.sys.mjs:205:29\nreceiveMessage@chrome://remote/content/marionette/actors/MarionetteCommandsChild.sys.mjs:85:31\n\n", "trace": "  File \"/Users/artemkrivoshein/qa_python_3/Sprint_5/venv/lib/python3.9/site-packages/allure_commons/_allure.py\", line 192, in impl\n    return func(*a, **kw)\n  File \"/Users/artemkrivoshein/qa_python_3/Sprint_6/page_object/main_page_object.py\", line 49, in click_faq_button\n    self.click_element(element)\n  File \"/Users/artemkrivoshein/qa_python_3/Sprint_5/venv/lib/python3.9/site-packages/allure_commons/_allure.py\", line 192, in impl\n    return func(*a, **kw)\n  File \"/Users/artemkrivoshein/qa_python_3/Sprint_6/page_object/base_page.py\", line 19, in click_element\n    element.click()\n  File \"/Users/artemkrivoshein/qa_python_3/Sprint_5/venv/lib/python3.9/site-packages/selenium/webdriver/remote/webelement.py\", line 94, in click\n    self._execute(Command.CLICK_ELEMENT)\n  File \"/Users/artemkrivoshein/qa_python_3/Sprint_5/venv/lib/python3.9/site-packages/selenium/webdriver/remote/webelement.py\", line 395, in _execute\n    return self._parent.execute(command, params)\n  File \"/Users/artemkrivoshein/qa_python_3/Sprint_5/venv/lib/python3.9/site-packages/selenium/webdriver/remote/webdriver.py\", line 354, in execute\n    self.error_handler.check_response(response)\n  File \"/Users/artemkrivoshein/qa_python_3/Sprint_5/venv/lib/python3.9/site-packages/selenium/webdriver/remote/errorhandler.py\", line 229, in check_response\n    raise exception_class(message, screen, stacktrace)\n"}, "steps": [{"name": "Прокрутить к элементу: ('id', 'accordion__heading-3')", "status": "passed", "steps": [{"name": "Ожидание видимости элемента: ('id', 'accordion__heading-3')", "status": "passed", "parameters": [{"name": "locator", "value": "('id', 'accordion__heading-3')"}], "start": 1726657022610, "stop": 1726657022616}], "parameters": [{"name": "locator", "value": "('id', 'accordion__heading-3')"}], "start": 1726657022610, "stop": 1726657022617}, {"name": "Кликнуть на элемент: ('id', 'accordion__heading-3')", "status": "broken", "statusDetails": {"message": "selenium.common.exceptions.ElementClickInterceptedException: Message: Element <div id=\"accordion__heading-3\" class=\"accordion__button\"> is not clickable at point (966,198) because another element <img src=\"/assets/scooter.png\"> obscures it\nStacktrace:\nRemoteError@chrome://remote/content/shared/RemoteError.sys.mjs:8:8\nWebDriverError@chrome://remote/content/shared/webdriver/Errors.sys.mjs:193:5\nElementClickInterceptedError@chrome://remote/content/shared/webdriver/Errors.sys.mjs:337:5\nwebdriverClickElement@chrome://remote/content/marionette/interaction.sys.mjs:177:11\ninteraction.clickElement@chrome://remote/content/marionette/interaction.sys.mjs:136:11\nclickElement@chrome://remote/content/marionette/actors/MarionetteCommandsChild.sys.mjs:205:29\nreceiveMessage@chrome://remote/content/marionette/actors/MarionetteCommandsChild.sys.mjs:85:31\n\n", "trace": "  File \"/Users/artemkrivoshein/qa_python_3/Sprint_5/venv/lib/python3.9/site-packages/allure_commons/_allure.py\", line 192, in impl\n    return func(*a, **kw)\n  File \"/Users/artemkrivoshein/qa_python_3/Sprint_6/page_object/base_page.py\", line 19, in click_element\n    element.click()\n  File \"/Users/artemkrivoshein/qa_python_3/Sprint_5/venv/lib/python3.9/site-packages/selenium/webdriver/remote/webelement.py\", line 94, in click\n    self._execute(Command.CLICK_ELEMENT)\n  File \"/Users/artemkrivoshein/qa_python_3/Sprint_5/venv/lib/python3.9/site-packages/selenium/webdriver/remote/webelement.py\", line 395, in _execute\n    return self._parent.execute(command, params)\n  File \"/Users/artemkrivoshein/qa_python_3/Sprint_5/venv/lib/python3.9/site-packages/selenium/webdriver/remote/webdriver.py\", line 354, in execute\n    self.error_handler.check_response(response)\n  File \"/Users/artemkrivoshein/qa_python_3/Sprint_5/venv/lib/python3.9/site-packages/selenium/webdriver/remote/errorhandler.py\", line 229, in check_response\n    raise exception_class(message, screen, stacktrace)\n"}, "steps": [{"name": "Прокрутить к элементу: ('id', 'accordion__heading-3')", "status": "passed", "steps": [{"name": "Ожидание видимости элемента: ('id', 'accordion__heading-3')", "status": "passed", "parameters": [{"name": "locator", "value": "('id', 'accordion__heading-3')"}], "start": 1726657022617, "stop": 1726657022622}], "parameters": [{"name": "locator", "value": "('id', 'accordion__heading-3')"}], "start": 1726657022617, "stop": 1726657022623}, {"name": "Ожидание видимости элемента: ('id', 'accordion__heading-3')", "status": "passed", "parameters": [{"name": "locator", "value": "('id', 'accordion__heading-3')"}], "start": 1726657022623, "stop": 1726657022626}], "parameters": [{"name": "locator", "value": "('id', 'accordion__heading-3')"}], "start": 1726657022617, "stop": 1726657022628}], "parameters": [{"name": "index", "value": "'fourth'"}], "start": 1726657022610, "stop": 1726657022633}], "parameters": [{"name": "question_id", "value": "'fourth'"}, {"name": "expected_text", "value": "'Только начиная с завтрашнего дня. Но скоро станем расторопнее.'"}], "start": 1726657022363, "stop": 1726657022634, "uuid": "31c36e56-b49d-4595-adc9-88fd85bfddd2", "historyId": "d415650f0f9bc4306653ce2794f06e28", "testCaseId": "0dd4013944feafc0ccfcdf4a29321915", "fullName": "test.test_main_page.TestMainPageFAQ#test_faq_questions", "labels": [{"name": "story", "value": "Тесты на проверку вопросов на странице FAQ"}, {"name": "feature", "value": "Страница FAQ"}, {"name": "parentSuite", "value": "test"}, {"name": "suite", "value": "test_main_page"}, {"name": "subSuite", "value": "TestMainPageFAQ"}, {"name": "host", "value": "MacBook-Air-Artem.local"}, {"name": "thread", "value": "59976-MainThread"}, {"name": "framework", "value": "pytest"}, {"name": "language", "value": "cpython3"}, {"name": "package", "value": "test.test_main_page"}]}