{"name": "Тест четвертого вопроса FAQ", "status": "broken", "statusDetails": {"message": "selenium.common.exceptions.ElementClickInterceptedException: Message: Element <div id=\"accordion__heading-3\" class=\"accordion__button\"> is not clickable at point (966,198) because another element <img src=\"/assets/scooter.png\"> obscures it\nStacktrace:\nRemoteError@chrome://remote/content/shared/RemoteError.sys.mjs:8:8\nWebDriverError@chrome://remote/content/shared/webdriver/Errors.sys.mjs:193:5\nElementClickInterceptedError@chrome://remote/content/shared/webdriver/Errors.sys.mjs:337:5\nwebdriverClickElement@chrome://remote/content/marionette/interaction.sys.mjs:177:11\ninteraction.clickElement@chrome://remote/content/marionette/interaction.sys.mjs:136:11\nclickElement@chrome://remote/content/marionette/actors/MarionetteCommandsChild.sys.mjs:205:29\nreceiveMessage@chrome://remote/content/marionette/actors/MarionetteCommandsChild.sys.mjs:85:31", "trace": "self = <test_main_page.TestMainPageFAQ object at 0x101e383d0>\nopen_browser = <selenium.webdriver.firefox.webdriver.WebDriver (session=\"ee287eba-3ba0-4127-9840-54694a6949ee\")>\n\n    @allure.title(\"Тест четвертого вопроса FAQ\")\n    @allure.step(\"Проверка текста для четвертого вопроса FAQ\")\n    def test_fourth_faq(self, open_browser):\n        main_page = MainPage(open_browser)\n        main_page.click_cokies_button()\n>       main_page.click_faq_button(\"fourth\")\n\ntest/test_main_page.py:48: \n_ _ _ _ _ _ _ _ _ _ _ _ _ _ _ _ _ _ _ _ _ _ _ _ _ _ _ _ _ _ _ _ _ _ _ _ _ _ _ _ _ _ _ _ _ _ _ _ _ _ _ _ _ _ _ _ _ _ _ _ _ _ _ _ _ _ _ _ _ _ _ _ _ _ _ _ \npage_object/main_page_object.py:59: in click_faq_button\n    element.click()\n../Sprint_5/venv/lib/python3.9/site-packages/selenium/webdriver/remote/webelement.py:94: in click\n    self._execute(Command.CLICK_ELEMENT)\n../Sprint_5/venv/lib/python3.9/site-packages/selenium/webdriver/remote/webelement.py:395: in _execute\n    return self._parent.execute(command, params)\n../Sprint_5/venv/lib/python3.9/site-packages/selenium/webdriver/remote/webdriver.py:354: in execute\n    self.error_handler.check_response(response)\n_ _ _ _ _ _ _ _ _ _ _ _ _ _ _ _ _ _ _ _ _ _ _ _ _ _ _ _ _ _ _ _ _ _ _ _ _ _ _ _ _ _ _ _ _ _ _ _ _ _ _ _ _ _ _ _ _ _ _ _ _ _ _ _ _ _ _ _ _ _ _ _ _ _ _ _ \n\nself = <selenium.webdriver.remote.errorhandler.ErrorHandler object at 0x102306730>\nresponse = {'status': 400, 'value': '{\"value\":{\"error\":\"element click intercepted\",\"message\":\"Element <div id=\\\\\"accordion__headi...sys.mjs:205:29\\\\nreceiveMessage@chrome://remote/content/marionette/actors/MarionetteCommandsChild.sys.mjs:85:31\\\\n\"}}'}\n\n    def check_response(self, response: Dict[str, Any]) -> None:\n        \"\"\"Checks that a JSON response from the WebDriver does not have an\n        error.\n    \n        :Args:\n         - response - The JSON response from the WebDriver server as a dictionary\n           object.\n    \n        :Raises: If the response contains an error message.\n        \"\"\"\n        status = response.get(\"status\", None)\n        if not status or status == ErrorCode.SUCCESS:\n            return\n        value = None\n        message = response.get(\"message\", \"\")\n        screen: str = response.get(\"screen\", \"\")\n        stacktrace = None\n        if isinstance(status, int):\n            value_json = response.get(\"value\", None)\n            if value_json and isinstance(value_json, str):\n                import json\n    \n                try:\n                    value = json.loads(value_json)\n                    if len(value) == 1:\n                        value = value[\"value\"]\n                    status = value.get(\"error\", None)\n                    if not status:\n                        status = value.get(\"status\", ErrorCode.UNKNOWN_ERROR)\n                        message = value.get(\"value\") or value.get(\"message\")\n                        if not isinstance(message, str):\n                            value = message\n                            message = message.get(\"message\")\n                    else:\n                        message = value.get(\"message\", None)\n                except ValueError:\n                    pass\n    \n        exception_class: Type[WebDriverException]\n        e = ErrorCode()\n        error_codes = [item for item in dir(e) if not item.startswith(\"__\")]\n        for error_code in error_codes:\n            error_info = getattr(ErrorCode, error_code)\n            if isinstance(error_info, list) and status in error_info:\n                exception_class = getattr(ExceptionMapping, error_code, WebDriverException)\n                break\n        else:\n            exception_class = WebDriverException\n    \n        if not value:\n            value = response[\"value\"]\n        if isinstance(value, str):\n            raise exception_class(value)\n        if message == \"\" and \"message\" in value:\n            message = value[\"message\"]\n    \n        screen = None  # type: ignore[assignment]\n        if \"screen\" in value:\n            screen = value[\"screen\"]\n    \n        stacktrace = None\n        st_value = value.get(\"stackTrace\") or value.get(\"stacktrace\")\n        if st_value:\n            if isinstance(st_value, str):\n                stacktrace = st_value.split(\"\\n\")\n            else:\n                stacktrace = []\n                try:\n                    for frame in st_value:\n                        line = frame.get(\"lineNumber\", \"\")\n                        file = frame.get(\"fileName\", \"<anonymous>\")\n                        if line:\n                            file = f\"{file}:{line}\"\n                        meth = frame.get(\"methodName\", \"<anonymous>\")\n                        if \"className\" in frame:\n                            meth = f\"{frame['className']}.{meth}\"\n                        msg = \"    at %s (%s)\"\n                        msg = msg % (meth, file)\n                        stacktrace.append(msg)\n                except TypeError:\n                    pass\n        if exception_class == UnexpectedAlertPresentException:\n            alert_text = None\n            if \"data\" in value:\n                alert_text = value[\"data\"].get(\"text\")\n            elif \"alert\" in value:\n                alert_text = value[\"alert\"].get(\"text\")\n            raise exception_class(message, screen, stacktrace, alert_text)  # type: ignore[call-arg]  # mypy is not smart enough here\n>       raise exception_class(message, screen, stacktrace)\nE       selenium.common.exceptions.ElementClickInterceptedException: Message: Element <div id=\"accordion__heading-3\" class=\"accordion__button\"> is not clickable at point (966,198) because another element <img src=\"/assets/scooter.png\"> obscures it\nE       Stacktrace:\nE       RemoteError@chrome://remote/content/shared/RemoteError.sys.mjs:8:8\nE       WebDriverError@chrome://remote/content/shared/webdriver/Errors.sys.mjs:193:5\nE       ElementClickInterceptedError@chrome://remote/content/shared/webdriver/Errors.sys.mjs:337:5\nE       webdriverClickElement@chrome://remote/content/marionette/interaction.sys.mjs:177:11\nE       interaction.clickElement@chrome://remote/content/marionette/interaction.sys.mjs:136:11\nE       clickElement@chrome://remote/content/marionette/actors/MarionetteCommandsChild.sys.mjs:205:29\nE       receiveMessage@chrome://remote/content/marionette/actors/MarionetteCommandsChild.sys.mjs:85:31\n\n../Sprint_5/venv/lib/python3.9/site-packages/selenium/webdriver/remote/errorhandler.py:229: ElementClickInterceptedException"}, "steps": [{"name": "Проверка текста для четвертого вопроса FAQ", "status": "broken", "statusDetails": {"message": "selenium.common.exceptions.ElementClickInterceptedException: Message: Element <div id=\"accordion__heading-3\" class=\"accordion__button\"> is not clickable at point (966,198) because another element <img src=\"/assets/scooter.png\"> obscures it\nStacktrace:\nRemoteError@chrome://remote/content/shared/RemoteError.sys.mjs:8:8\nWebDriverError@chrome://remote/content/shared/webdriver/Errors.sys.mjs:193:5\nElementClickInterceptedError@chrome://remote/content/shared/webdriver/Errors.sys.mjs:337:5\nwebdriverClickElement@chrome://remote/content/marionette/interaction.sys.mjs:177:11\ninteraction.clickElement@chrome://remote/content/marionette/interaction.sys.mjs:136:11\nclickElement@chrome://remote/content/marionette/actors/MarionetteCommandsChild.sys.mjs:205:29\nreceiveMessage@chrome://remote/content/marionette/actors/MarionetteCommandsChild.sys.mjs:85:31\n\n", "trace": "  File \"/Users/artemkrivoshein/qa_python_3/Sprint_5/venv/lib/python3.9/site-packages/allure_commons/_allure.py\", line 192, in impl\n    return func(*a, **kw)\n  File \"/Users/artemkrivoshein/qa_python_3/Sprint_6/test/test_main_page.py\", line 48, in test_fourth_faq\n    main_page.click_faq_button(\"fourth\")\n  File \"/Users/artemkrivoshein/qa_python_3/Sprint_5/venv/lib/python3.9/site-packages/allure_commons/_allure.py\", line 192, in impl\n    return func(*a, **kw)\n  File \"/Users/artemkrivoshein/qa_python_3/Sprint_6/page_object/main_page_object.py\", line 59, in click_faq_button\n    element.click()\n  File \"/Users/artemkrivoshein/qa_python_3/Sprint_5/venv/lib/python3.9/site-packages/selenium/webdriver/remote/webelement.py\", line 94, in click\n    self._execute(Command.CLICK_ELEMENT)\n  File \"/Users/artemkrivoshein/qa_python_3/Sprint_5/venv/lib/python3.9/site-packages/selenium/webdriver/remote/webelement.py\", line 395, in _execute\n    return self._parent.execute(command, params)\n  File \"/Users/artemkrivoshein/qa_python_3/Sprint_5/venv/lib/python3.9/site-packages/selenium/webdriver/remote/webdriver.py\", line 354, in execute\n    self.error_handler.check_response(response)\n  File \"/Users/artemkrivoshein/qa_python_3/Sprint_5/venv/lib/python3.9/site-packages/selenium/webdriver/remote/errorhandler.py\", line 229, in check_response\n    raise exception_class(message, screen, stacktrace)\n"}, "steps": [{"name": "Кликнуть на кнопку принятия куки", "status": "passed", "start": 1726404483240, "stop": 1726404483474}, {"name": "Кликаем по кнопке FAQ с индексом 'fourth'", "status": "broken", "statusDetails": {"message": "selenium.common.exceptions.ElementClickInterceptedException: Message: Element <div id=\"accordion__heading-3\" class=\"accordion__button\"> is not clickable at point (966,198) because another element <img src=\"/assets/scooter.png\"> obscures it\nStacktrace:\nRemoteError@chrome://remote/content/shared/RemoteError.sys.mjs:8:8\nWebDriverError@chrome://remote/content/shared/webdriver/Errors.sys.mjs:193:5\nElementClickInterceptedError@chrome://remote/content/shared/webdriver/Errors.sys.mjs:337:5\nwebdriverClickElement@chrome://remote/content/marionette/interaction.sys.mjs:177:11\ninteraction.clickElement@chrome://remote/content/marionette/interaction.sys.mjs:136:11\nclickElement@chrome://remote/content/marionette/actors/MarionetteCommandsChild.sys.mjs:205:29\nreceiveMessage@chrome://remote/content/marionette/actors/MarionetteCommandsChild.sys.mjs:85:31\n\n", "trace": "  File \"/Users/artemkrivoshein/qa_python_3/Sprint_5/venv/lib/python3.9/site-packages/allure_commons/_allure.py\", line 192, in impl\n    return func(*a, **kw)\n  File \"/Users/artemkrivoshein/qa_python_3/Sprint_6/page_object/main_page_object.py\", line 59, in click_faq_button\n    element.click()\n  File \"/Users/artemkrivoshein/qa_python_3/Sprint_5/venv/lib/python3.9/site-packages/selenium/webdriver/remote/webelement.py\", line 94, in click\n    self._execute(Command.CLICK_ELEMENT)\n  File \"/Users/artemkrivoshein/qa_python_3/Sprint_5/venv/lib/python3.9/site-packages/selenium/webdriver/remote/webelement.py\", line 395, in _execute\n    return self._parent.execute(command, params)\n  File \"/Users/artemkrivoshein/qa_python_3/Sprint_5/venv/lib/python3.9/site-packages/selenium/webdriver/remote/webdriver.py\", line 354, in execute\n    self.error_handler.check_response(response)\n  File \"/Users/artemkrivoshein/qa_python_3/Sprint_5/venv/lib/python3.9/site-packages/selenium/webdriver/remote/errorhandler.py\", line 229, in check_response\n    raise exception_class(message, screen, stacktrace)\n"}, "parameters": [{"name": "index", "value": "'fourth'"}], "start": 1726404483474, "stop": 1726404483499}], "parameters": [{"name": "open_browser", "value": "<selenium.webdriver.firefox.webdriver.WebDriver (session=\"ee287eba-3ba0-4127-9840-54694a6949ee\")>"}], "start": 1726404483240, "stop": 1726404483506}], "start": 1726404483239, "stop": 1726404483507, "uuid": "3b8d5166-bbbd-4bf2-b71b-cbac968f9ba8", "historyId": "830accae889c6a0c0c9c053813413aa0", "testCaseId": "830accae889c6a0c0c9c053813413aa0", "fullName": "test.test_main_page.TestMainPageFAQ#test_fourth_faq", "labels": [{"name": "feature", "value": "Страница FAQ"}, {"name": "story", "value": "Тесты на проверку вопросов на странице FAQ"}, {"name": "parentSuite", "value": "test"}, {"name": "suite", "value": "test_main_page"}, {"name": "subSuite", "value": "TestMainPageFAQ"}, {"name": "host", "value": "MacBook-Air-Artem.local"}, {"name": "thread", "value": "34270-MainThread"}, {"name": "framework", "value": "pytest"}, {"name": "language", "value": "cpython3"}, {"name": "package", "value": "test.test_main_page"}]}