{"name": "Проверка перехода на Яндекс.Дзен при клике на логотип Яндекса", "status": "failed", "statusDetails": {"message": "AssertionError: Страница Яндекса не открылась", "trace": "self = <test.test_order_samokat.TestNavigation object at 0x1038657f0>\nopen_browser = <selenium.webdriver.firefox.webdriver.WebDriver (session=\"03dce27c-e398-4f64-a8e7-04fab5b7c858\")>\n\n    @allure.title('Проверка перехода на Яндекс.Дзен при клике на логотип Яндекса')\n    def test_navigation_dzen_page(self,open_browser):\n        order_page = OrderSamokatPage(open_browser)\n        order_page.click_yandex_logo()\n>       order_page.verify_yandex_page()\n\ntest/test_order_samokat.py:56: \n_ _ _ _ _ _ _ _ _ _ _ _ _ _ _ _ _ _ _ _ _ _ _ _ _ _ _ _ _ _ _ _ _ _ _ _ _ _ _ _ _ _ _ _ _ _ _ _ _ _ _ _ _ _ _ _ _ _ _ _ _ _ _ _ _ _ _ _ _ _ _ _ _ _ _ _ \n\nself = <page_object.order_samokat_page.OrderSamokatPage object at 0x1038469d0>\n\n    @allure.step(\"Проверить, что открылась страница Яндекса\")\n    def verify_yandex_page(self):\n        self.switch_to_new_window()\n>       assert \"dzen.ru\" in self.get_current_url(), \"Страница Яндекса не открылась\"\nE       AssertionError: Страница Яндекса не открылась\n\npage_object/order_samokat_page.py:129: AssertionError"}, "steps": [{"name": "Кликнуть на логотип Яндекса", "status": "passed", "steps": [{"name": "Кликнуть на элемент: ('css selector', \"a[href='//yandex.ru']\")", "status": "passed", "steps": [{"name": "Прокрутить к элементу: ('css selector', \"a[href='//yandex.ru']\")", "status": "passed", "parameters": [{"name": "locator", "value": "('css selector', \"a[href='//yandex.ru']\")"}], "start": 1726654592365, "stop": 1726654592384}, {"name": "Ожидание видимости элемента: ('css selector', \"a[href='//yandex.ru']\")", "status": "passed", "parameters": [{"name": "locator", "value": "('css selector', \"a[href='//yandex.ru']\")"}], "start": 1726654592384, "stop": 1726654592390}], "parameters": [{"name": "locator", "value": "('css selector', \"a[href='//yandex.ru']\")"}], "start": 1726654592365, "stop": 1726654592412}], "start": 1726654592365, "stop": 1726654592412}, {"name": "Проверить, что открылась страница Яндекса", "status": "failed", "statusDetails": {"message": "AssertionError: Страница Яндекса не открылась\n", "trace": "  File \"/Users/artemkrivoshein/qa_python_3/Sprint_5/venv/lib/python3.9/site-packages/allure_commons/_allure.py\", line 192, in impl\n    return func(*a, **kw)\n  File \"/Users/artemkrivoshein/qa_python_3/Sprint_6/page_object/order_samokat_page.py\", line 129, in verify_yandex_page\n    assert \"dzen.ru\" in self.get_current_url(), \"Страница Яндекса не открылась\"\n"}, "steps": [{"name": "Переключиться на новое окно браузера", "status": "passed", "start": 1726654592412, "stop": 1726654592415}, {"name": "Получить текущий URL", "status": "passed", "start": 1726654592415, "stop": 1726654592416}], "start": 1726654592412, "stop": 1726654592416}], "start": 1726654592365, "stop": 1726654592418, "uuid": "043e78ce-2ebe-4a6f-a1ab-2a828cf92a5a", "historyId": "54319484c422d08a70a82a207b28913f", "testCaseId": "54319484c422d08a70a82a207b28913f", "fullName": "test.test_order_samokat.TestNavigation#test_navigation_dzen_page", "labels": [{"name": "story", "value": "Тесты на навигацию по сайту"}, {"name": "feature", "value": "Навигация"}, {"name": "parentSuite", "value": "test"}, {"name": "suite", "value": "test_order_samokat"}, {"name": "subSuite", "value": "TestNavigation"}, {"name": "host", "value": "MacBook-Air-Artem.local"}, {"name": "thread", "value": "57182-MainThread"}, {"name": "framework", "value": "pytest"}, {"name": "language", "value": "cpython3"}, {"name": "package", "value": "test.test_order_samokat"}]}